1597218663326	geckodriver	INFO	Listening on 127.0.0.1:50675
1597218672299	geckodriver	INFO	Listening on 127.0.0.1:50687
1597218853916	geckodriver	INFO	Listening on 127.0.0.1:50749
1597218853925	mozrunner::runner	INFO	Running command: "/usr/bin/firefox" "--marionette" "-foreground" "-no-remote" "-profile" "/tmp/rust_mozprofileJ9eVHJ"
Error: no DISPLAY environment variable specified
1597218863374	geckodriver	INFO	Listening on 127.0.0.1:50758
1597218863384	mozrunner::runner	INFO	Running command: "/usr/bin/firefox" "--marionette" "-foreground" "-no-remote" "-profile" "/tmp/rust_mozprofileplSQMR"
Error: no DISPLAY environment variable specified
1597218870368	geckodriver	INFO	Listening on 127.0.0.1:50766
1597218870384	mozrunner::runner	INFO	Running command: "/usr/bin/firefox" "--marionette" "-foreground" "-no-remote" "-profile" "/tmp/rust_mozprofilePG00Bj"
Error: no DISPLAY environment variable specified
1597218892426	geckodriver	INFO	Listening on 127.0.0.1:50777
1597218892447	mozrunner::runner	INFO	Running command: "/usr/bin/firefox" "--marionette" "-foreground" "-no-remote" "-profile" "/tmp/rust_mozprofile7ZH3yk"
Error: no DISPLAY environment variable specified
1597220203004	geckodriver	INFO	Listening on 127.0.0.1:51334
1597220206338	mozrunner::runner	INFO	Running command: "C:\\Program Files\\Mozilla Firefox\\firefox.exe" "--marionette" "-foreground" "-no-remote" "-profile" "C:\\Users\\pilpa\\AppData\\Local\\Temp\\rust_mozprofile4rP1md"
JavaScript error: resource://gre/modules/XULStore.jsm, line 66: Error: Can't find profile directory.
console.error: SearchCache: "_readCacheFile: Error reading cache file:" (new Error("", "(unknown module)"))
1597220208579	Marionette	INFO	Listening on port 51342
1597220208959	Marionette	WARN	TLS certificate errors will be ignored for this session
1597220226332	Marionette	INFO	Stopped listening on port 51342

###!!! [Child][MessageChannel::SendAndWait] Error: Channel error: cannot send/recv

1597220678063	geckodriver	INFO	Listening on 127.0.0.1:51544
1597220681392	mozrunner::runner	INFO	Running command: "C:\\Program Files\\Mozilla Firefox\\firefox.exe" "--marionette" "-foreground" "-no-remote" "-profile" "C:\\Users\\pilpa\\AppData\\Local\\Temp\\rust_mozprofileuxBLu0"
JavaScript error: resource://gre/modules/XULStore.jsm, line 66: Error: Can't find profile directory.
console.error: SearchCache: "_readCacheFile: Error reading cache file:" (new Error("", "(unknown module)"))
1597220683996	Marionette	INFO	Listening on port 51554
1597220684024	Marionette	WARN	TLS certificate errors will be ignored for this session
1597223028547	Marionette	INFO	Stopped listening on port 51554

###!!! [Child][MessageChannel::SendAndWait] Error: Channel error: cannot send/recv

firefox.exe" "--marionette" "-foreground" "-no-remote" "-profile" "C:\\Users\\pilpa\\AppData\\Local\\Temp\\rust_mozprofile9UJG5B"
JavaScript error: resource://gre/modules/XULStore.jsm, line 66: Error: Can't find profile directory.
console.error: SearchCache: "_readCacheFile: Error reading cache file:" (new Error("", "(unknown module)"))
1597220712085	Marionette	INFO	Listening on port 51615
1597220712308	Marionette	WARN	TLS certificate errors will be ignored for this session
1597220789602	Marionette	INFO	Stopped listening on port 51615

###!!! [Child][RunMessage] Error: Channel closing: too late to send/recv, messages will be lost


###!!! [Child][MessageChannel::SendAndWait] Error: Channel error: cannot send/recv

1597222562614	geckodriver	INFO	Listening on 127.0.0.1:52517
1597222566069	mozrunner::runner	INFO	Running command: "C:\\Program Files\\Mozilla Firefox\\firefox.exe" "--marionette" "-foreground" "-no-remote" "-profile" "C:\\Users\\pilpa\\AppData\\Local\\Temp\\rust_mozprofilewP4E2E"
JavaScript error: resource://gre/modules/XULStore.jsm, line 66: Error: Can't find profile directory.
console.error: SearchCache: "_readCacheFile: Error reading cache file:" (new Error("", "(unknown module)"))
1597222568407	Marionette	INFO	Listening on port 52525
1597222568694	Marionette	WARN	TLS certificate errors will be ignored for this session
1597222580678	Marionette	INFO	Stopped listening on port 52525

###!!! [Child][MessageChannel::SendAndWait] Error: Channel error: cannot send/recv

1597222592077	geckodriver	INFO	Listening on 127.0.0.1:52588
1597222595408	mozrunner::runner	INFO	Running command: "C:\\Program Files\\Mozilla Firefox\\firefox.exe" "--marionette" "-foreground" "-no-remote" "-profile" "C:\\Users\\pilpa\\AppData\\Local\\Temp\\rust_mozprofileRnKgDV"
JavaScript error: resource://gre/modules/XULStore.jsm, line 66: Error: Can't find profile directory.
console.error: SearchCache: "_readCacheFile: Error reading cache file:" (new Error("", "(unknown module)"))
1597222597514	Marionette	INFO	Listening on port 52596
1597222597527	Marionette	WARN	TLS certificate errors will be ignored for this session
1597222604663	Marionette	INFO	Stopped listening on port 52596

###!!! [Child][RunMessage] Error: Channel closing: too late to send/recv, messages will be lost


###!!! [Child][MessageChannel::SendAndWait] Error: Channel error: cannot send/recv

1597222614329	geckodriver	INFO	Listening on 127.0.0.1:52645
1597222617661	mozrunner::runner	INFO	Running command: "C:\\Program Files\\Mozilla Firefox\\firefox.exe" "--marionette" "-foreground" "-no-remote" "-profile" "C:\\Users\\pilpa\\AppData\\Local\\Temp\\rust_mozprofileHuxrku"
JavaScript error: resource://gre/modules/XULStore.jsm, line 66: Error: Can't find profile directory.
console.error: SearchCache: "_readCacheFile: Error reading cache file:" (new Error("", "(unknown module)"))
1597222619810	Marionette	INFO	Listening on port 52653
1597222620282	Marionette	WARN	TLS certificate errors will be ignored for this session
1597222744997	Marionette	INFO	Stopped listening on port 52653

###!!! [Child][RunMessage] Error: Channel closing: too late to send/recv, messages will be lost


###!!! [Child][MessageChannel::SendAndWait] Error: Channel error: cannot send/recv

Temp\\rust_mozprofileMjwksz"
JavaScript error: resource://gre/modules/XULStore.jsm, line 66: Error: Can't find profile directory.
console.error: SearchCache: "_readCacheFile: Error reading cache file:" (new Error("", "(unknown module)"))
1597222739788	Marionette	INFO	Listening on port 52737
1597222739890	Marionette	WARN	TLS certificate errors will be ignored for this session
1597222747162	Marionette	INFO	Stopped listening on port 52737

###!!! [Child][RunMessage] Error: Channel closing: too late to send/recv, messages will be lost


###!!! [Child][MessageChannel::SendAndWait] Error: Channel error: cannot send/recv

1597222759026	geckodriver	INFO	Listening on 127.0.0.1:52785
1597222762425	mozrunner::runner	INFO	Running command: "C:\\Program Files\\Mozilla Firefox\\firefox.exe" "--marionette" "-foreground" "-no-remote" "-profile" "C:\\Users\\pilpa\\AppData\\Local\\Temp\\rust_mozprofile1GaT9A"
JavaScript error: resource://gre/modules/XULStore.jsm, line 66: Error: Can't find profile directory.
console.error: SearchCache: "_readCacheFile: Error reading cache file:" (new Error("", "(unknown module)"))
1597222769530	Marionette	INFO	Listening on port 52794
1597222769816	Marionette	WARN	TLS certificate errors will be ignored for this session
1597222862405	Marionette	INFO	Stopped listening on port 52794

###!!! [Child][RunMessage] Error: Channel closing: too late to send/recv, messages will be lost


###!!! [Child][MessageChannel::SendAndWait] Error: Channel error: cannot send/recv

1597222865233	geckodriver	INFO	Listening on 127.0.0.1:60252
1597222868630	mozrunner::runner	INFO	Running command: "C:\\Program Files\\Mozilla Firefox\\firefox.exe" "--marionette" "-foreground" "-no-remote" "-profile" "C:\\Users\\pilpa\\AppData\\Local\\Temp\\rust_mozprofileR2sTW0"
JavaScript error: resource://gre/modules/XULStore.jsm, line 66: Error: Can't find profile directory.
console.error: SearchCache: "_readCacheFile: Error reading cache file:" (new Error("", "(unknown module)"))
1597222872466	Marionette	INFO	Listening on port 60261
1597222872804	Marionette	WARN	TLS certificate errors will be ignored for this session
1597222881435	Marionette	INFO	Stopped listening on port 60261

###!!! [Child][RunMessage] Error: Channel closing: too late to send/recv, messages will be lost


###!!! [Child][MessageChannel::SendAndWait] Error: Channel error: cannot send/recv

1597222953317	geckodriver	INFO	Listening on 127.0.0.1:60353
1597222956691	mozrunner::runner	INFO	Running command: "C:\\Program Files\\Mozilla Firefox\\firefox.exe" "--marionette" "-foreground" "-no-remote" "-profile" "C:\\Users\\pilpa\\AppData\\Local\\Temp\\rust_mozprofilenjsQdX"
JavaScript error: resource://gre/modules/XULStore.jsm, line 66: Error: Can't find profile directory.
console.error: SearchCache: "_readCacheFile: Error reading cache file:" (new Error("", "(unknown module)"))
1597222960748	Marionette	INFO	Listening on port 60361
1597222960842	Marionette	WARN	TLS certificate errors will be ignored for this session
1597222976614	Marionette	INFO	Stopped listening on port 60361

###!!! [Child][RunMessage] Error: Channel closing: too late to send/recv, messages will be lost


###!!! [Child][MessageChannel::SendAndWait] Error: Channel error: cannot send/recv

1597223051014	geckodriver	INFO	Listening on 127.0.0.1:60454
1597223054382	mozrunner::runner	INFO	Running command: "C:\\Program Files\\Mozilla Firefox\\firefox.exe" "--marionette" "-foreground" "-no-remote" "-profile" "C:\\Users\\pilpa\\AppData\\Local\\Temp\\rust_mozprofileyNDLA6"
JavaScript error: resource://gre/modules/XULStore.jsm, line 66: Error: Can't find profile directory.
console.error: SearchCache: "_readCacheFile: Error reading cache file:" (new Error("", "(unknown module)"))
1597223058486	Marionette	INFO	Listening on port 60462
1597223058533	Marionette	WARN	TLS certificate errors will be ignored for this session
1597223135324	Marionette	INFO	Stopped listening on port 60462

###!!! [Child][RunMessage] Error: Channel closing: too late to send/recv, messages will be lost


###!!! [Child][MessageChannel::SendAndWait] Error: Channel error: cannot send/recv

Temp\\rust_mozprofilebKNrRB"
JavaScript error: resource://gre/modules/XULStore.jsm, line 66: Error: Can't find profile directory.
console.error: SearchCache: "_readCacheFile: Error reading cache file:" (new Error("", "(unknown module)"))
1597223082575	Marionette	INFO	Listening on port 60526
1597223083058	Marionette	WARN	TLS certificate errors will be ignored for this session
1597223133163	Marionette	INFO	Stopped listening on port 60526

###!!! [Child][RunMessage] Error: Channel closing: too late to send/recv, messages will be lost


###!!! [Child][MessageChannel::SendAndWait] Error: Channel error: cannot send/recv

1597223210322	geckodriver	INFO	Listening on 127.0.0.1:60591
1597223213847	mozrunner::runner	INFO	Running command: "C:\\Program Files\\Mozilla Firefox\\firefox.exe" "--marionette" "-foreground" "-no-remote" "-profile" "C:\\Users\\pilpa\\AppData\\Local\\Temp\\rust_mozprofileMw520F"
JavaScript error: resource://gre/modules/XULStore.jsm, line 66: Error: Can't find profile directory.
console.error: SearchCache: "_readCacheFile: Error reading cache file:" (new Error("", "(unknown module)"))
1597223218453	Marionette	INFO	Listening on port 60599
1597223218608	Marionette	WARN	TLS certificate errors will be ignored for this session
1597223228420	Marionette	INFO	Stopped listening on port 60599

###!!! [Child][RunMessage] Error: Channel closing: too late to send/recv, messages will be lost


###!!! [Child][MessageChannel::SendAndWait] Error: Channel error: cannot send/recv

1597223479762	geckodriver	INFO	Listening on 127.0.0.1:60788
1597223483219	mozrunner::runner	INFO	Running command: "C:\\Program Files\\Mozilla Firefox\\firefox.exe" "--marionette" "-foreground" "-no-remote" "-profile" "C:\\Users\\pilpa\\AppData\\Local\\Temp\\rust_mozprofileXBpJLx"
JavaScript error: resource://gre/modules/XULStore.jsm, line 66: Error: Can't find profile directory.
console.error: SearchCache: "_readCacheFile: Error reading cache file:" (new Error("", "(unknown module)"))
1597223487031	Marionette	INFO	Listening on port 60796
1597223487376	Marionette	WARN	TLS certificate errors will be ignored for this session
1597223551505	Marionette	INFO	Stopped listening on port 60796

###!!! [Child][RunMessage] Error: Channel closing: too late to send/recv, messages will be lost


###!!! [Child][MessageChannel::SendAndWait] Error: Channel error: cannot send/recv

Temp\\rust_mozprofile22K0G4"
JavaScript error: resource://gre/modules/XULStore.jsm, line 66: Error: Can't find profile directory.
console.error: SearchCache: "_readCacheFile: Error reading cache file:" (new Error("", "(unknown module)"))
1597223528776	Marionette	INFO	Listening on port 57157
1597223528832	Marionette	WARN	TLS certificate errors will be ignored for this session
1597223547871	Marionette	INFO	Stopped listening on port 57157

###!!! [Child][RunMessage] Error: Channel closing: too late to send/recv, messages will be lost


###!!! [Child][MessageChannel::SendAndWait] Error: Channel error: cannot send/recv

1597223563561	geckodriver	INFO	Listening on 127.0.0.1:57216
1597223566923	mozrunner::runner	INFO	Running command: "C:\\Program Files\\Mozilla Firefox\\firefox.exe" "--marionette" "-foreground" "-no-remote" "-profile" "C:\\Users\\pilpa\\AppData\\Local\\Temp\\rust_mozprofiledlW6Yx"
JavaScript error: resource://gre/modules/XULStore.jsm, line 66: Error: Can't find profile directory.
console.error: SearchCache: "_readCacheFile: Error reading cache file:" (new Error("", "(unknown module)"))
1597223570712	Marionette	INFO	Listening on port 57224
1597223571079	Marionette	WARN	TLS certificate errors will be ignored for this session
1597223580689	Marionette	INFO	Stopped listening on port 57224
[Parent 14092, Gecko_IOThread] WARNING: file /builds/worker/checkouts/gecko/ipc/chromium/src/base/process_util_win.cc, line 166

###!!! [Child][RunMessage] Error: Channel closing: too late to send/recv, messages will be lost


###!!! [Child][MessageChannel::SendAndWait] Error: Channel error: cannot send/recv

1597223707923	geckodriver	INFO	Listening on 127.0.0.1:56282
1597223711284	mozrunner::runner	INFO	Running command: "C:\\Program Files\\Mozilla Firefox\\firefox.exe" "--marionette" "-foreground" "-no-remote" "-profile" "C:\\Users\\pilpa\\AppData\\Local\\Temp\\rust_mozprofileQtM7gN"
JavaScript error: resource://gre/modules/XULStore.jsm, line 66: Error: Can't find profile directory.
console.error: SearchCache: "_readCacheFile: Error reading cache file:" (new Error("", "(unknown module)"))
1597223714588	Marionette	INFO	Listening on port 56290
1597223714935	Marionette	WARN	TLS certificate errors will be ignored for this session
1597223724363	Marionette	INFO	Stopped listening on port 56290

###!!! [Child][RunMessage] Error: Channel closing: too late to send/recv, messages will be lost


###!!! [Child][MessageChannel::SendAndWait] Error: Channel error: cannot send/recv

1597223996203	geckodriver	INFO	Listening on 127.0.0.1:58062
1597223999577	mozrunner::runner	INFO	Running command: "C:\\Program Files\\Mozilla Firefox\\firefox.exe" "--marionette" "-foreground" "-no-remote" "-profile" "C:\\Users\\pilpa\\AppData\\Local\\Temp\\rust_mozprofileCQb3JZ"
JavaScript error: resource://gre/modules/XULStore.jsm, line 66: Error: Can't find profile directory.
console.error: SearchCache: "_readCacheFile: Error reading cache file:" (new Error("", "(unknown module)"))
1597224003109	Marionette	INFO	Listening on port 58070
1597224003226	Marionette	WARN	TLS certificate errors will be ignored for this session
1597224012980	Marionette	INFO	Stopped listening on port 58070

###!!! [Child][RunMessage] Error: Channel closing: too late to send/recv, messages will be lost


###!!! [Child][MessageChannel::SendAndWait] Error: Channel error: cannot send/recv

1597224306705	geckodriver	INFO	Listening on 127.0.0.1:58200
1597224310151	mozrunner::runner	INFO	Running command: "C:\\Program Files\\Mozilla Firefox\\firefox.exe" "--marionette" "-headless" "--window-size=1920,1200" "-foreground" "-no-remote" "-profile" "C:\\Users\\pilpa\\AppData\\Local\\Temp\\rust_mozprofilejxraig"
*** You are running in headless mode.
JavaScript error: resource://gre/modules/XULStore.jsm, line 66: Error: Can't find profile directory.
console.error: SearchCache: "_readCacheFile: Error reading cache file:" (new Error("", "(unknown module)"))
1597224313066	Marionette	INFO	Listening on port 58209
1597224313303	Marionette	WARN	TLS certificate errors will be ignored for this session
1597224323459	Marionette	INFO	Stopped listening on port 58209
1597224458725	geckodriver	INFO	Listening on 127.0.0.1:58279
1597224462053	mozrunner::runner	INFO	Running command: "C:\\Program Files\\Mozilla Firefox\\firefox.exe" "--marionette" "-headless" "--window-size=1920,1200" "-foreground" "-no-remote" "-profile" "C:\\Users\\pilpa\\AppData\\Local\\Temp\\rust_mozprofileY5WUiJ"
*** You are running in headless mode.
JavaScript error: resource://gre/modules/XULStore.jsm, line 66: Error: Can't find profile directory.
console.error: SearchCache: "_readCacheFile: Error reading cache file:" (new Error("", "(unknown module)"))
1597224465588	Marionette	INFO	Listening on port 58287
1597224465685	Marionette	WARN	TLS certificate errors will be ignored for this session
JavaScript error: pen.js, line 256: SecurityError: The operation is insecure.
1597224606664	geckodriver	INFO	Listening on 127.0.0.1:58400
1597224610025	mozrunner::runner	INFO	Running command: "C:\\Program Files\\Mozilla Firefox\\firefox.exe" "--marionette" "-headless" "--window-size=1920,1200" "-foreground" "-no-remote" "-profile" "C:\\Users\\pilpa\\AppData\\Local\\Temp\\rust_mozprofile91k5yd"
*** You are running in headless mode.
JavaScript error: resource://gre/modules/XULStore.jsm, line 66: Error: Can't find profile directory.
console.error: SearchCache: "_readCacheFile: Error reading cache file:" (new Error("", "(unknown module)"))
1597224612476	Marionette	INFO	Listening on port 58408
1597224612657	Marionette	WARN	TLS certificate errors will be ignored for this session
1597224622854	Marionette	INFO	Stopped listening on port 58408
1597224667306	geckodriver	INFO	Listening on 127.0.0.1:58488
1597224671441	mozrunner::runner	INFO	Running command: "C:\\Program Files\\Mozilla Firefox\\firefox.exe" "--marionette" "-headless" "--window-size=1920,1200" "-foreground" "-no-remote" "-profile" "C:\\Users\\pilpa\\AppData\\Local\\Temp\\rust_mozprofilenm1YU9"
*** You are running in headless mode.
JavaScript error: resource://gre/modules/XULStore.jsm, line 66: Error: Can't find profile directory.
console.error: SearchCache: "_readCacheFile: Error reading cache file:" (new Error("", "(unknown module)"))
1597224674056	Marionette	INFO	Listening on port 58496
1597224674123	Marionette	WARN	TLS certificate errors will be ignored for this session
1597224683919	Marionette	INFO	Stopped listening on port 58496
1597224723046	geckodriver	INFO	Listening on 127.0.0.1:58574
1597224726391	mozrunner::runner	INFO	Running command: "C:\\Program Files\\Mozilla Firefox\\firefox.exe" "--marionette" "-headless" "--window-size=1920,1200" "-foreground" "-no-remote" "-profile" "C:\\Users\\pilpa\\AppData\\Local\\Temp\\rust_mozprofilel8JzeD"
*** You are running in headless mode.
JavaScript error: resource://gre/modules/XULStore.jsm, line 66: Error: Can't find profile directory.
console.error: SearchCache: "_readCacheFile: Error reading cache file:" (new Error("", "(unknown module)"))
1597224729076	Marionette	INFO	Listening on port 58582
1597224729537	Marionette	WARN	TLS certificate errors will be ignored for this session
1597224737411	Marionette	INFO	Stopped listening on port 58582
1597224776096	geckodriver	INFO	Listening on 127.0.0.1:58636
1597224779357	mozrunner::runner	INFO	Running command: "C:\\Program Files\\Mozilla Firefox\\firefox.exe" "--marionette" "-headless" "--window-size=1920,1200" "-foreground" "-no-remote" "-profile" "C:\\Users\\pilpa\\AppData\\Local\\Temp\\rust_mozprofileSxYRaZ"
*** You are running in headless mode.
JavaScript error: resource://gre/modules/XULStore.jsm, line 66: Error: Can't find profile directory.
console.error: SearchCache: "_readCacheFile: Error reading cache file:" (new Error("", "(unknown module)"))
1597224782188	Marionette	INFO	Listening on port 58644
1597224782508	Marionette	WARN	TLS certificate errors will be ignored for this session
1597224791413	Marionette	INFO	Stopped listening on port 58644
1597224808887	geckodriver	INFO	Listening on 127.0.0.1:59489
1597224812248	mozrunner::runner	INFO	Running command: "C:\\Program Files\\Mozilla Firefox\\firefox.exe" "--marionette" "-headless" "--window-size=1920,1200" "-foreground" "-no-remote" "-profile" "C:\\Users\\pilpa\\AppData\\Local\\Temp\\rust_mozprofilew9QOvw"
*** You are running in headless mode.
JavaScript error: resource://gre/modules/XULStore.jsm, line 66: Error: Can't find profile directory.
console.error: SearchCache: "_readCacheFile: Error reading cache file:" (new Error("", "(unknown module)"))
1597224815165	Marionette	INFO	Listening on port 59500
1597224815392	Marionette	WARN	TLS certificate errors will be ignored for this session
1597224824229	Marionette	INFO	Stopped listening on port 59500
1597225094388	geckodriver	INFO	Listening on 127.0.0.1:64433
1597225097735	mozrunner::runner	INFO	Running command: "C:\\Program Files\\Mozilla Firefox\\firefox.exe" "--marionette" "-headless" "--window-size=1920,1200" "-foreground" "-no-remote" "-profile" "C:\\Users\\pilpa\\AppData\\Local\\Temp\\rust_mozprofilerJWOqI"
*** You are running in headless mode.
JavaScript error: resource://gre/modules/XULStore.jsm, line 66: Error: Can't find profile directory.
console.error: SearchCache: "_readCacheFile: Error reading cache file:" (new Error("", "(unknown module)"))
1597225101717	Marionette	INFO	Listening on port 64441
1597225101890	Marionette	WARN	TLS certificate errors will be ignored for this session
1597225109922	Marionette	INFO	Stopped listening on port 64441
1597225139428	geckodriver	INFO	Listening on 127.0.0.1:63389
1597225142871	mozrunner::runner	INFO	Running command: "C:\\Program Files\\Mozilla Firefox\\firefox.exe" "--marionette" "-headless" "--window-size=1920,1200" "-foreground" "-no-remote" "-profile" "C:\\Users\\pilpa\\AppData\\Local\\Temp\\rust_mozprofile8aPsBk"
*** You are running in headless mode.
JavaScript error: resource://gre/modules/XULStore.jsm, line 66: Error: Can't find profile directory.
console.error: SearchCache: "_readCacheFile: Error reading cache file:" (new Error("", "(unknown module)"))
1597225147365	Marionette	INFO	Listening on port 63397
1597225147634	Marionette	WARN	TLS certificate errors will be ignored for this session
1597225156100	Marionette	INFO	Stopped listening on port 63397
1597225219908	geckodriver	INFO	Listening on 127.0.0.1:63458
1597225223248	mozrunner::runner	INFO	Running command: "C:\\Program Files\\Mozilla Firefox\\firefox.exe" "--marionette" "-headless" "--window-size=1920,1200" "-foreground" "-no-remote" "-profile" "C:\\Users\\pilpa\\AppData\\Local\\Temp\\rust_mozprofile21hl2g"
*** You are running in headless mode.
JavaScript error: resource://gre/modules/XULStore.jsm, line 66: Error: Can't find profile directory.
console.error: SearchCache: "_readCacheFile: Error reading cache file:" (new Error("", "(unknown module)"))
1597225227198	Marionette	INFO	Listening on port 63481
1597225227402	Marionette	WARN	TLS certificate errors will be ignored for this session
1597225235044	Marionette	INFO	Stopped listening on port 63481
1597225452690	geckodriver	INFO	Listening on 127.0.0.1:58519
1597225456046	mozrunner::runner	INFO	Running command: "C:\\Program Files\\Mozilla Firefox\\firefox.exe" "--marionette" "-headless" "--window-size=1920,1200" "-foreground" "-no-remote" "-profile" "C:\\Users\\pilpa\\AppData\\Local\\Temp\\rust_mozprofilenfgIWk"
*** You are running in headless mode.
JavaScript error: resource://gre/modules/XULStore.jsm, line 66: Error: Can't find profile directory.
console.error: SearchCache: "_readCacheFile: Error reading cache file:" (new Error("", "(unknown module)"))
1597225458994	Marionette	INFO	Listening on port 58527
1597225459202	Marionette	WARN	TLS certificate errors will be ignored for this session
1597225467029	Marionette	INFO	Stopped listening on port 58527
1597225590842	geckodriver	INFO	Listening on 127.0.0.1:50515
1597225594149	mozrunner::runner	INFO	Running command: "C:\\Program Files\\Mozilla Firefox\\firefox.exe" "--marionette" "-headless" "--window-size=1920,1200" "-foreground" "-no-remote" "-profile" "C:\\Users\\pilpa\\AppData\\Local\\Temp\\rust_mozprofileWSt9Q6"
*** You are running in headless mode.
JavaScript error: resource://gre/modules/XULStore.jsm, line 66: Error: Can't find profile directory.
console.error: SearchCache: "_readCacheFile: Error reading cache file:" (new Error("", "(unknown module)"))
1597225597312	Marionette	INFO	Listening on port 50523
1597225597808	Marionette	WARN	TLS certificate errors will be ignored for this session
1597225606317	Marionette	INFO	Stopped listening on port 50523
1597225633397	geckodriver	INFO	Listening on 127.0.0.1:56021
1597225636744	mozrunner::runner	INFO	Running command: "C:\\Program Files\\Mozilla Firefox\\firefox.exe" "--marionette" "-headless" "--window-size=1920,1200" "-foreground" "-no-remote" "-profile" "C:\\Users\\pilpa\\AppData\\Local\\Temp\\rust_mozprofileKf3l92"
*** You are running in headless mode.
JavaScript error: resource://gre/modules/XULStore.jsm, line 66: Error: Can't find profile directory.
console.error: SearchCache: "_readCacheFile: Error reading cache file:" (new Error("", "(unknown module)"))
1597225639448	Marionette	INFO	Listening on port 56029
1597225639891	Marionette	WARN	TLS certificate errors will be ignored for this session
1597225649027	Marionette	INFO	Stopped listening on port 56029
1597225690739	geckodriver	INFO	Listening on 127.0.0.1:59774
1597225694100	mozrunner::runner	INFO	Running command: "C:\\Program Files\\Mozilla Firefox\\firefox.exe" "--marionette" "-headless" "--window-size=1920,1200" "-foreground" "-no-remote" "-profile" "C:\\Users\\pilpa\\AppData\\Local\\Temp\\rust_mozprofileqT73rZ"
*** You are running in headless mode.
JavaScript error: resource://gre/modules/XULStore.jsm, line 66: Error: Can't find profile directory.
console.error: SearchCache: "_readCacheFile: Error reading cache file:" (new Error("", "(unknown module)"))
1597225697417	Marionette	INFO	Listening on port 59782
1597225697757	Marionette	WARN	TLS certificate errors will be ignored for this session
1597225706189	Marionette	INFO	Stopped listening on port 59782
1597225760295	geckodriver	INFO	Listening on 127.0.0.1:59842
1597225763651	mozrunner::runner	INFO	Running command: "C:\\Program Files\\Mozilla Firefox\\firefox.exe" "--marionette" "-headless" "--window-size=1920,1200" "-foreground" "-no-remote" "-profile" "C:\\Users\\pilpa\\AppData\\Local\\Temp\\rust_mozprofileHDzVY4"
*** You are running in headless mode.
JavaScript error: resource://gre/modules/XULStore.jsm, line 66: Error: Can't find profile directory.
console.error: SearchCache: "_readCacheFile: Error reading cache file:" (new Error("", "(unknown module)"))
1597225766888	Marionette	INFO	Listening on port 59850
1597225767307	Marionette	WARN	TLS certificate errors will be ignored for this session
1597225776124	Marionette	INFO	Stopped listening on port 59850
1597225788921	geckodriver	INFO	Listening on 127.0.0.1:59909
1597225792290	mozrunner::runner	INFO	Running command: "C:\\Program Files\\Mozilla Firefox\\firefox.exe" "--marionette" "-headless" "--window-size=1920,1200" "-foreground" "-no-remote" "-profile" "C:\\Users\\pilpa\\AppData\\Local\\Temp\\rust_mozprofileCW912r"
*** You are running in headless mode.
JavaScript error: resource://gre/modules/XULStore.jsm, line 66: Error: Can't find profile directory.
console.error: SearchCache: "_readCacheFile: Error reading cache file:" (new Error("", "(unknown module)"))
1597225795324	Marionette	INFO	Listening on port 59917
1597225795440	Marionette	WARN	TLS certificate errors will be ignored for this session
1597225803318	Marionette	INFO	Stopped listening on port 59917
1597225826918	geckodriver	INFO	Listening on 127.0.0.1:59969
1597225830291	mozrunner::runner	INFO	Running command: "C:\\Program Files\\Mozilla Firefox\\firefox.exe" "--marionette" "-headless" "--window-size=1920,1200" "-foreground" "-no-remote" "-profile" "C:\\Users\\pilpa\\AppData\\Local\\Temp\\rust_mozprofilelZLxtI"
*** You are running in headless mode.
JavaScript error: resource://gre/modules/XULStore.jsm, line 66: Error: Can't find profile directory.
console.error: SearchCache: "_readCacheFile: Error reading cache file:" (new Error("", "(unknown module)"))
1597225833530	Marionette	INFO	Listening on port 59977
1597225833943	Marionette	WARN	TLS certificate errors will be ignored for this session
1597225842418	Marionette	INFO	Stopped listening on port 59977
1597225862890	geckodriver	INFO	Listening on 127.0.0.1:52504
1597225866239	mozrunner::runner	INFO	Running command: "C:\\Program Files\\Mozilla Firefox\\firefox.exe" "--marionette" "-headless" "--window-size=1920,1200" "-foreground" "-no-remote" "-profile" "C:\\Users\\pilpa\\AppData\\Local\\Temp\\rust_mozprofilejuDyhd"
*** You are running in headless mode.
JavaScript error: resource://gre/modules/XULStore.jsm, line 66: Error: Can't find profile directory.
console.error: SearchCache: "_readCacheFile: Error reading cache file:" (new Error("", "(unknown module)"))
1597225868276	Marionette	INFO	Listening on port 52512
1597225868377	Marionette	WARN	TLS certificate errors will be ignored for this session
1597225876487	Marionette	INFO	Stopped listening on port 52512
